c:\users\ypopp\source\repos\imageprocessing2\debug\imageprocessing2.pch
c:\users\ypopp\source\repos\imageprocessing2\debug\vc142.pdb
c:\users\ypopp\source\repos\imageprocessing2\debug\vc142.idb
c:\users\ypopp\source\repos\imageprocessing2\debug\pch.obj
c:\users\ypopp\source\repos\imageprocessing2\debug\viewtree.obj
c:\users\ypopp\source\repos\imageprocessing2\debug\propertieswnd.obj
c:\users\ypopp\source\repos\imageprocessing2\debug\outputwnd.obj
c:\users\ypopp\source\repos\imageprocessing2\debug\mainfrm.obj
c:\users\ypopp\source\repos\imageprocessing2\debug\imageprocessing2view.obj
c:\users\ypopp\source\repos\imageprocessing2\debug\imageprocessing2.obj
c:\users\ypopp\source\repos\imageprocessing2\debug\fileview.obj
c:\users\ypopp\source\repos\imageprocessing2\debug\classview.obj
c:\users\ypopp\source\repos\imageprocessing2\debug\childfrm.obj
c:\users\ypopp\source\repos\imageprocessing2\debug\imageprocessing2doc.obj
c:\users\ypopp\source\repos\imageprocessing2\debug\downsample_rate.obj
c:\users\ypopp\source\repos\imageprocessing2\debug\imageprocessing.obj
c:\users\ypopp\source\repos\imageprocessing2\debug\imageprocessing2.exe
c:\users\ypopp\source\repos\imageprocessing2\debug\imageprocessing2.ilk
c:\users\ypopp\source\repos\imageprocessing2\debug\imageprocessing2.pdb
c:\users\ypopp\source\repos\imageprocessing2\debug\imageprocessing2.res
c:\users\ypopp\source\repos\imageprocessing2\debug\imageprocessing2view.obj.enc
c:\users\ypopp\source\repos\imageprocessing2\debug\imageprocessing2.tlog\cl.command.1.tlog
c:\users\ypopp\source\repos\imageprocessing2\debug\imageprocessing2.tlog\cl.read.1.tlog
c:\users\ypopp\source\repos\imageprocessing2\debug\imageprocessing2.tlog\cl.write.1.tlog
c:\users\ypopp\source\repos\imageprocessing2\debug\imageprocessing2.tlog\link.command.1.tlog
c:\users\ypopp\source\repos\imageprocessing2\debug\imageprocessing2.tlog\link.read.1.tlog
c:\users\ypopp\source\repos\imageprocessing2\debug\imageprocessing2.tlog\link.write.1.tlog
c:\users\ypopp\source\repos\imageprocessing2\debug\imageprocessing2.tlog\rc.command.1.tlog
c:\users\ypopp\source\repos\imageprocessing2\debug\imageprocessing2.tlog\rc.read.1.tlog
c:\users\ypopp\source\repos\imageprocessing2\debug\imageprocessing2.tlog\rc.write.1.tlog
